<?xml version="1.0" encoding="UTF-8"?>
<!-- Generated by org.testng.reporters.JUnitReportReporter -->
<testsuite skipped="0" hostname="I175KJ" name="acial.selenium.exercices.TestA" tests="2" failures="0" timestamp="17 dÃ©c. 2019 13:43:05 GMT" time="0.014" errors="0">
  <testcase name="test_A_2" time="0.008" classname="acial.selenium.exercices.TestA"/>
  <testcase name="test_A_1" time="0.006" classname="acial.selenium.exercices.TestA"/>
</testsuite> <!-- acial.selenium.exercices.TestA -->
