<?xml version="1.0" encoding="UTF-8"?>
<!-- Generated by org.testng.reporters.JUnitReportReporter -->
<testsuite skipped="0" hostname="I175KJ" name="acial.selenium.exercices.Test2" tests="2" failures="0" timestamp="17 dÃ©c. 2019 13:42:11 GMT" time="0.012" errors="0">
  <testcase name="test_A_2" time="0.007" classname="acial.selenium.exercices.Test2"/>
  <testcase name="test_A_1" time="0.005" classname="acial.selenium.exercices.Test2"/>
</testsuite> <!-- acial.selenium.exercices.Test2 -->
