<?xml version="1.0" encoding="UTF-8"?>
<!-- Generated by org.testng.reporters.JUnitReportReporter -->
<testsuite skipped="0" hostname="I175KJ" name="acial.selenium.exercices.testB" tests="2" failures="0" timestamp="17 dÃ©c. 2019 13:43:12 GMT" time="0.010" errors="0">
  <testcase name="test_B_2" time="0.002" classname="acial.selenium.exercices.testB"/>
  <testcase name="test_B_1" time="0.008" classname="acial.selenium.exercices.testB"/>
</testsuite> <!-- acial.selenium.exercices.testB -->
